<?xml version="1.0" encoding="UTF-8"?>
<!-- Generated by org.testng.reporters.JUnitReportReporter -->
<testsuite skipped="0" hostname="Kumar-PC" name="org.registeration.Terms" tests="1" failures="0" timestamp="06 May 2022 07:01:22 GMT" time="21.549" errors="0">
  <testcase name="tc003" time="21.549" classname="org.registeration.Terms"/>
</testsuite> <!-- org.registeration.Terms -->
