<?xml version="1.0" encoding="UTF-8"?>
<!-- Generated by org.testng.reporters.JUnitReportReporter -->
<testsuite skipped="0" hostname="Kumar-PC" name="org.registeration.phoneNoInCorrect" tests="1" failures="0" timestamp="06 May 2022 07:01:22 GMT" time="13.561" errors="0">
  <testcase name="tc002" time="13.561" classname="org.registeration.phoneNoInCorrect"/>
</testsuite> <!-- org.registeration.phoneNoInCorrect -->
