<?xml version="1.0" encoding="UTF-8"?>
<!-- Generated by org.testng.reporters.JUnitReportReporter -->
<testsuite skipped="0" hostname="Kumar-PC" name="org.registeration.AccountCreation" tests="5" failures="0" timestamp="06 May 2022 07:01:22 GMT" time="96.877" errors="0">
  <testcase name="tc001" time="18.051" classname="org.registeration.AccountCreation"/>
  <testcase name="tc001" time="18.764" classname="org.registeration.AccountCreation"/>
  <testcase name="tc001" time="18.507" classname="org.registeration.AccountCreation"/>
  <testcase name="tc001" time="24.076" classname="org.registeration.AccountCreation"/>
  <testcase name="tc001" time="17.479" classname="org.registeration.AccountCreation"/>
</testsuite> <!-- org.registeration.AccountCreation -->
